cygport 0.36.9 

PF = perl-App-perlbrew-1.01-1
S = /home/drbean/dot/cygwin/perlbrew/perl-App-perlbrew-1.01-1.noarch/src/App-perlbrew-1.01
B = /home/drbean/dot/cygwin/perlbrew/perl-App-perlbrew-1.01-1.noarch/build
D = /home/drbean/dot/cygwin/perlbrew/perl-App-perlbrew-1.01-1.noarch/inst
C = /home/drbean/dot/cygwin/perlbrew/perl-App-perlbrew-1.01-1.noarch/src/App-perlbrew-1.01/CYGWIN-PATCHES
T = /home/drbean/dot/cygwin/perlbrew/perl-App-perlbrew-1.01-1.noarch/temp
CBUILD = x86_64-pc-cygwin
CHOST = x86_64-pc-cygwin
CTARGET = x86_64-pc-cygwin
CC = gcc
CFLAGS = -ggdb -O2 -pipe -Wall -Werror=format-security -Wp,-D_FORTIFY_SOURCE=3 -fstack-protector-strong --param=ssp-buffer-size=4 -ffile-prefix-map=/home/drbean/dot/cygwin/perlbrew/perl-App-perlbrew-1.01-1.noarch/build=/usr/src/debug/perl-App-perlbrew-1.01-1 -ffile-prefix-map=/home/drbean/dot/cygwin/perlbrew/perl-App-perlbrew-1.01-1.noarch/src/App-perlbrew-1.01=/usr/src/debug/perl-App-perlbrew-1.01-1
CPPFLAGS =
CXX = g++
CXXFLAGS = -ggdb -O2 -pipe -Wall -Werror=format-security -Wp,-D_FORTIFY_SOURCE=3 -fstack-protector-strong --param=ssp-buffer-size=4 -Werror=return-type -ffile-prefix-map=/home/drbean/dot/cygwin/perlbrew/perl-App-perlbrew-1.01-1.noarch/build=/usr/src/debug/perl-App-perlbrew-1.01-1 -ffile-prefix-map=/home/drbean/dot/cygwin/perlbrew/perl-App-perlbrew-1.01-1.noarch/src/App-perlbrew-1.01=/usr/src/debug/perl-App-perlbrew-1.01-1
F77 = gfortran
FFLAGS = -ggdb -O2 -pipe -Wall -Werror=format-security -Wp,-D_FORTIFY_SOURCE=3 -fstack-protector-strong --param=ssp-buffer-size=4 -ffile-prefix-map=/home/drbean/dot/cygwin/perlbrew/perl-App-perlbrew-1.01-1.noarch/build=/usr/src/debug/perl-App-perlbrew-1.01-1 -ffile-prefix-map=/home/drbean/dot/cygwin/perlbrew/perl-App-perlbrew-1.01-1.noarch/src/App-perlbrew-1.01=/usr/src/debug/perl-App-perlbrew-1.01-1
FC = gfortran
FCFLAGS = -ggdb -O2 -pipe -Wall -Werror=format-security -Wp,-D_FORTIFY_SOURCE=3 -fstack-protector-strong --param=ssp-buffer-size=4 -ffile-prefix-map=/home/drbean/dot/cygwin/perlbrew/perl-App-perlbrew-1.01-1.noarch/build=/usr/src/debug/perl-App-perlbrew-1.01-1 -ffile-prefix-map=/home/drbean/dot/cygwin/perlbrew/perl-App-perlbrew-1.01-1.noarch/src/App-perlbrew-1.01=/usr/src/debug/perl-App-perlbrew-1.01-1
GOC = gccgo
GOFLAGS = -ggdb -O2 -pipe -ffile-prefix-map=/home/drbean/dot/cygwin/perlbrew/perl-App-perlbrew-1.01-1.noarch/build=/usr/src/debug/perl-App-perlbrew-1.01-1 -ffile-prefix-map=/home/drbean/dot/cygwin/perlbrew/perl-App-perlbrew-1.01-1.noarch/src/App-perlbrew-1.01=/usr/src/debug/perl-App-perlbrew-1.01-1
OBJC = gcc
OBJCFLAGS = -ggdb -O2 -pipe -Wall -Werror=format-security -Wp,-D_FORTIFY_SOURCE=3 -fstack-protector-strong --param=ssp-buffer-size=4 -ffile-prefix-map=/home/drbean/dot/cygwin/perlbrew/perl-App-perlbrew-1.01-1.noarch/build=/usr/src/debug/perl-App-perlbrew-1.01-1 -ffile-prefix-map=/home/drbean/dot/cygwin/perlbrew/perl-App-perlbrew-1.01-1.noarch/src/App-perlbrew-1.01=/usr/src/debug/perl-App-perlbrew-1.01-1
OBJCXX = g++
OBJCXXFLAGS = -ggdb -O2 -pipe -Wall -Werror=format-security -Wp,-D_FORTIFY_SOURCE=3 -fstack-protector-strong --param=ssp-buffer-size=4 -Werror=return-type -ffile-prefix-map=/home/drbean/dot/cygwin/perlbrew/perl-App-perlbrew-1.01-1.noarch/build=/usr/src/debug/perl-App-perlbrew-1.01-1 -ffile-prefix-map=/home/drbean/dot/cygwin/perlbrew/perl-App-perlbrew-1.01-1.noarch/src/App-perlbrew-1.01=/usr/src/debug/perl-App-perlbrew-1.01-1
LDFLAGS =
LIBS =
MAKEOPTS = -j 3


Installing /home/drbean/dot/cygwin/perlbrew/perl-App-perlbrew-1.01-1.noarch/inst/usr/man/man1/perlbrew.1
Installing /home/drbean/dot/cygwin/perlbrew/perl-App-perlbrew-1.01-1.noarch/inst/usr/lib/perl5/App/perlbrew.pm
Installing /home/drbean/dot/cygwin/perlbrew/perl-App-perlbrew-1.01-1.noarch/inst/usr/lib/perl5/App/Perlbrew/HTTP.pm
Installing /home/drbean/dot/cygwin/perlbrew/perl-App-perlbrew-1.01-1.noarch/inst/usr/lib/perl5/App/Perlbrew/Path.pm
Installing /home/drbean/dot/cygwin/perlbrew/perl-App-perlbrew-1.01-1.noarch/inst/usr/lib/perl5/App/Perlbrew/Sys.pm
Installing /home/drbean/dot/cygwin/perlbrew/perl-App-perlbrew-1.01-1.noarch/inst/usr/lib/perl5/App/Perlbrew/Util.pm
Installing /home/drbean/dot/cygwin/perlbrew/perl-App-perlbrew-1.01-1.noarch/inst/usr/lib/perl5/App/Perlbrew/Path/Installation.pm
Installing /home/drbean/dot/cygwin/perlbrew/perl-App-perlbrew-1.01-1.noarch/inst/usr/lib/perl5/App/Perlbrew/Path/Installations.pm
Installing /home/drbean/dot/cygwin/perlbrew/perl-App-perlbrew-1.01-1.noarch/inst/usr/lib/perl5/App/Perlbrew/Path/Root.pm
Installing /home/drbean/dot/cygwin/perlbrew/perl-App-perlbrew-1.01-1.noarch/inst/usr/man/man3/App.perlbrew.3pm
Installing /home/drbean/dot/cygwin/perlbrew/perl-App-perlbrew-1.01-1.noarch/inst/usr/bin/perlbrew
/usr/bin/install -m0644 CHANGES /home/drbean/dot/cygwin/perlbrew/perl-App-perlbrew-1.01-1.noarch/inst/usr/share/doc/perl-App-perlbrew/CHANGES
/usr/bin/install -m0644 LICENSE /home/drbean/dot/cygwin/perlbrew/perl-App-perlbrew-1.01-1.noarch/inst/usr/share/doc/perl-App-perlbrew/LICENSE
/usr/bin/install -m0644 README /home/drbean/dot/cygwin/perlbrew/perl-App-perlbrew-1.01-1.noarch/inst/usr/share/doc/perl-App-perlbrew/README
Fixing symlinks:
[1;32m*** Info:[0;0m Moving /usr/man to /usr/share/man...
Compressing man pages:
        perlbrew.1
        App.perlbrew.3pm
Stripping executables:
Preparing debuginfo source files:

[1;32m*** Info:[0;0m Removing empty directory: /usr/lib/perl5/x86_64-cygwin-threads-multi/auto/App/perlbrew
[1;32m*** Info:[0;0m Removing empty directory: /usr/lib/perl5/x86_64-cygwin-threads-multi/auto/App
[1;32m*** Info:[0;0m Removing empty directory: /usr/lib/perl5/x86_64-cygwin-threads-multi/auto
[1;32m*** Info:[0;0m Removing empty directory: /usr/lib/perl5/x86_64-cygwin-threads-multi
