usr/
usr/bin/
usr/bin/perlbrew
usr/lib/
usr/lib/perl5/
usr/lib/perl5/App/
usr/lib/perl5/App/Perlbrew/
usr/lib/perl5/App/Perlbrew/HTTP.pm
usr/lib/perl5/App/Perlbrew/Path/
usr/lib/perl5/App/Perlbrew/Path/Installation.pm
usr/lib/perl5/App/Perlbrew/Path/Installations.pm
usr/lib/perl5/App/Perlbrew/Path/Root.pm
usr/lib/perl5/App/Perlbrew/Path.pm
usr/lib/perl5/App/Perlbrew/Sys.pm
usr/lib/perl5/App/Perlbrew/Util.pm
usr/lib/perl5/App/perlbrew.pm
usr/share/
usr/share/doc/
usr/share/doc/perl-App-perlbrew/
usr/share/doc/perl-App-perlbrew/CHANGES
usr/share/doc/perl-App-perlbrew/LICENSE
usr/share/doc/perl-App-perlbrew/README
usr/share/man/
usr/share/man/man1/
usr/share/man/man1/perlbrew.1.gz
usr/share/man/man3/
usr/share/man/man3/App.perlbrew.3pm.gz
